<?xml version="1.0" encoding="UTF-8"?>
<testsuite xmlns:xsi="http://www.w3.org/2001/XMLSchema-instance" xsi:noNamespaceSchemaLocation="https://maven.apache.org/surefire/maven-surefire-plugin/xsd/surefire-test-report-3.0.xsd" version="3.0" name="GameLogicTests" time="0.093" tests="6" errors="0" skipped="0" failures="0">
  <properties>
[...]
</properties>
  <testcase name="playerGivenNewChoiceOnMakeChoice" classname="GameLogicTests" time="0.045"/>
  <testcase name="playerMakesChoiceWithMultipleRequirements" classname="GameLogicTests" time="0.001"/>
  <testcase name="saveGameState" classname="GameLogicTests" time="0.029">
    <system-out><![CDATA[Game Saved.
Game loaded.
]]></system-out>
  </testcase>
  <testcase name="choiceUpdatesPlayerTrait" classname="GameLogicTests" time="0.002"/>
  <testcase name="startGameInstance" classname="GameLogicTests" time="0.003"/>
  <testcase name="optionNotAvailableBasedOnPlayerTrait" classname="GameLogicTests" time="0.003"/>
</testsuite>